<?xml version="1.0" encoding="UTF-8"?>
<testng-results ignored="0" total="3" passed="2" failed="1" skipped="0">
  <reporter-output>
  </reporter-output>
  <suite started-at="2023-12-19T04:37:27 GMT" name="Default suite" finished-at="2023-12-19T04:37:29 GMT" duration-ms="2656">
    <groups>
      <group name="cucumber">
        <method signature="AbstractTestNGCucumberTests.runScenario(io.cucumber.testng.PickleWrapper, io.cucumber.testng.FeatureWrapper)[pri:0, instance:runners.CRMRunner@1b1426f4]" name="runScenario" class="io.cucumber.testng.AbstractTestNGCucumberTests"/>
      </group> <!-- cucumber -->
    </groups>
    <test started-at="2023-12-19T04:37:27 GMT" name="Default test" finished-at="2023-12-19T04:37:29 GMT" duration-ms="2656">
      <class name="runners.CRMRunner">
        <test-method is-config="true" signature="setUpClass(org.testng.ITestContext)[pri:0, instance:runners.CRMRunner@1b1426f4]" started-at="2023-12-19T04:37:27 GMT" name="setUpClass" finished-at="2023-12-19T04:37:27 GMT" duration-ms="853" status="PASS">
          <params>
            <param index="0">
              <value>
                <![CDATA[org.testng.TestRunner@234a8f27]]>
              </value>
            </param>
          </params>
          <reporter-output>
          </reporter-output>
        </test-method> <!-- setUpClass -->
        <test-method signature="runScenario(io.cucumber.testng.PickleWrapper, io.cucumber.testng.FeatureWrapper)[pri:0, instance:runners.CRMRunner@1b1426f4]" started-at="2023-12-19T04:37:27 GMT" name="runScenario" description="Runs Cucumber Scenarios" data-provider="scenarios" finished-at="2023-12-19T04:37:28 GMT" duration-ms="148" status="PASS">
          <params>
            <param index="0">
              <value>
                <![CDATA["Create  a new Contact"]]>
              </value>
            </param>
            <param index="1">
              <value>
                <![CDATA["Contacts CRUD Management"]]>
              </value>
            </param>
          </params>
          <reporter-output>
          </reporter-output>
        </test-method> <!-- runScenario -->
        <test-method signature="runScenario(io.cucumber.testng.PickleWrapper, io.cucumber.testng.FeatureWrapper)[pri:0, instance:runners.CRMRunner@1b1426f4]" started-at="2023-12-19T04:37:28 GMT" name="runScenario" description="Runs Cucumber Scenarios" data-provider="scenarios" finished-at="2023-12-19T04:37:28 GMT" duration-ms="25" status="PASS">
          <params>
            <param index="0">
              <value>
                <![CDATA["View a contact"]]>
              </value>
            </param>
            <param index="1">
              <value>
                <![CDATA["Contacts CRUD Management"]]>
              </value>
            </param>
          </params>
          <reporter-output>
          </reporter-output>
        </test-method> <!-- runScenario -->
        <test-method signature="runScenario(io.cucumber.testng.PickleWrapper, io.cucumber.testng.FeatureWrapper)[pri:0, instance:runners.CRMRunner@1b1426f4]" started-at="2023-12-19T04:37:28 GMT" name="runScenario" description="Runs Cucumber Scenarios" data-provider="scenarios" finished-at="2023-12-19T04:37:28 GMT" duration-ms="22" status="FAIL">
          <params>
            <param index="0">
              <value>
                <![CDATA["Delete a Contact"]]>
              </value>
            </param>
            <param index="1">
              <value>
                <![CDATA["Contacts CRUD Management"]]>
              </value>
            </param>
          </params>
          <exception class="io.cucumber.java.PendingException">
            <message>
              <![CDATA[TODO: implement me]]>
            </message>
            <full-stacktrace>
              <![CDATA[io.cucumber.java.PendingException: TODO: implement me
at stepDefs.CRMStepDef.user_is_on_login_page(CRMStepDef.java:12)
at ✽.User is on LoginPage(file:///C:/Users/Administrator/git/15DecmBDDnew/src/test/resources/taggedFeatures/Contacts.feature:16)
]]>
            </full-stacktrace>
          </exception> <!-- io.cucumber.java.PendingException -->
          <reporter-output>
          </reporter-output>
        </test-method> <!-- runScenario -->
        <test-method is-config="true" signature="tearDownClass()[pri:0, instance:runners.CRMRunner@1b1426f4]" started-at="2023-12-19T04:37:28 GMT" name="tearDownClass" finished-at="2023-12-19T04:37:29 GMT" duration-ms="1553" status="PASS">
          <reporter-output>
          </reporter-output>
        </test-method> <!-- tearDownClass -->
      </class> <!-- runners.CRMRunner -->
    </test> <!-- Default test -->
  </suite> <!-- Default suite -->
</testng-results>
